# JRE version: OpenJDK Runtime Environment JBR-17.0.4+7-469.53-jcef (17.0.4+7) (build 17.0.4+7-b469.53)
# Java VM: OpenJDK 64-Bit Server VM JBR-17.0.4+7-469.53-jcef (17.0.4+7-b469.53, mixed mode, tiered, compressed oops, compressed class ptrs, g1 gc, windows-amd64)
GC Precious Log:
 CPUs: 4 total, 4 available
 Memory: 10154M
 Large Page Support: Disabled
 NUMA Support: Disabled
 Compressed Oops: Enabled (32-bit)
 Heap Region Size: 1M
 Heap Min Capacity: 256M
 Heap Initial Capacity: 256M
 Heap Max Capacity: 512M
 Pre-touch: Disabled
 Parallel Workers: 4
 Concurrent Workers: 1
 Concurrent Refinement Workers: 4
 Periodic GC: Disabled
Heap:
 garbage-first heap   total 348160K, used 245029K [0x00000000e0000000, 0x0000000100000000)
  region size 1024K, 12 young (12288K), 7 survivors (7168K)
 Metaspace       used 99475K, committed 100800K, reserved 303104K
  class space    used 12916K, committed 13504K, reserved 212992K
GC Heap History (20 events):
Event: 83.978 GC heap before
{Heap before GC invocations=22 (full 0):
 garbage-first heap   total 306176K, used 194030K [0x00000000e0000000, 0x0000000100000000)
  region size 1024K, 14 young (14336K), 5 survivors (5120K)
 Metaspace       used 84981K, committed 85952K, reserved 294912K
  class space    used 11193K, committed 11648K, reserved 212992K
}
Event: 83.990 GC heap after
{Heap after GC invocations=23 (full 0):
 garbage-first heap   total 306176K, used 186030K [0x00000000e0000000, 0x0000000100000000)
  region size 1024K, 2 young (2048K), 2 survivors (2048K)
 Metaspace       used 84981K, committed 85952K, reserved 294912K
  class space    used 11193K, committed 11648K, reserved 212992K
}
Event: 87.173 GC heap before
{Heap before GC invocations=23 (full 0):
 garbage-first heap   total 306176K, used 250542K [0x00000000e0000000, 0x0000000100000000)
  region size 1024K, 65 young (66560K), 2 survivors (2048K)
 Metaspace       used 87306K, committed 88320K, reserved 294912K
  class space    used 11541K, committed 12032K, reserved 212992K
}
Event: 87.192 GC heap after
{Heap after GC invocations=24 (full 0):
 garbage-first heap   total 306176K, used 193209K [0x00000000e0000000, 0x0000000100000000)
  region size 1024K, 9 young (9216K), 9 survivors (9216K)
 Metaspace       used 87306K, committed 88320K, reserved 294912K
  class space    used 11541K, committed 12032K, reserved 212992K
}
Event: 92.347 GC heap before
{Heap before GC invocations=25 (full 0):
 garbage-first heap   total 327680K, used 253625K [0x00000000e0000000, 0x0000000100000000)
  region size 1024K, 66 young (67584K), 9 survivors (9216K)
 Metaspace       used 88523K, committed 89536K, reserved 294912K
  class space    used 11676K, committed 12160K, reserved 212992K
}
Event: 92.367 GC heap after
{Heap after GC invocations=26 (full 0):
 garbage-first heap   total 327680K, used 197521K [0x00000000e0000000, 0x0000000100000000)
  region size 1024K, 4 young (4096K), 4 survivors (4096K)
 Metaspace       used 88523K, committed 89536K, reserved 294912K
  class space    used 11676K, committed 12160K, reserved 212992K
}
Event: 93.240 GC heap before
{Heap before GC invocations=26 (full 0):
 garbage-first heap   total 327680K, used 209809K [0x00000000e0000000, 0x0000000100000000)
  region size 1024K, 16 young (16384K), 4 survivors (4096K)
 Metaspace       used 90905K, committed 91968K, reserved 294912K
  class space    used 11868K, committed 12352K, reserved 212992K
}
Event: 93.252 GC heap after
{Heap after GC invocations=27 (full 0):
 garbage-first heap   total 327680K, used 198089K [0x00000000e0000000, 0x0000000100000000)
  region size 1024K, 2 young (2048K), 2 survivors (2048K)
 Metaspace       used 90905K, committed 91968K, reserved 294912K
  class space    used 11868K, committed 12352K, reserved 212992K
}
Event: 97.014 GC heap before
{Heap before GC invocations=27 (full 0):
 garbage-first heap   total 327680K, used 268745K [0x00000000e0000000, 0x0000000100000000)
  region size 1024K, 71 young (72704K), 2 survivors (2048K)
 Metaspace       used 95953K, committed 97088K, reserved 303104K
  class space    used 12556K, committed 13056K, reserved 212992K
}
Event: 97.027 GC heap after
{Heap after GC invocations=28 (full 0):
 garbage-first heap   total 327680K, used 201824K [0x00000000e0000000, 0x0000000100000000)
  region size 1024K, 6 young (6144K), 6 survivors (6144K)
 Metaspace       used 95953K, committed 97088K, reserved 303104K
  class space    used 12556K, committed 13056K, reserved 212992K
}
Event: 214.506 GC heap before
{Heap before GC invocations=29 (full 0):
 garbage-first heap   total 348160K, used 274528K [0x00000000e0000000, 0x0000000100000000)
  region size 1024K, 74 young (75776K), 6 survivors (6144K)
 Metaspace       used 98667K, committed 99968K, reserved 303104K
  class space    used 12901K, committed 13504K, reserved 212992K
}
Event: 214.547 GC heap after
{Heap after GC invocations=30 (full 0):
 garbage-first heap   total 348160K, used 210509K [0x00000000e0000000, 0x0000000100000000)
  region size 1024K, 10 young (10240K), 10 survivors (10240K)
 Metaspace       used 98667K, committed 99968K, reserved 303104K
  class space    used 12901K, committed 13504K, reserved 212992K
}
Event: 219.669 GC heap before
{Heap before GC invocations=30 (full 0):
 garbage-first heap   total 348160K, used 217677K [0x00000000e0000000, 0x0000000100000000)
  region size 1024K, 17 young (17408K), 10 survivors (10240K)
 Metaspace       used 98834K, committed 100160K, reserved 303104K
  class space    used 12904K, committed 13504K, reserved 212992K
}
Event: 219.694 GC heap after
{Heap after GC invocations=31 (full 0):
 garbage-first heap   total 348160K, used 211496K [0x00000000e0000000, 0x0000000100000000)
  region size 1024K, 2 young (2048K), 2 survivors (2048K)
 Metaspace       used 98834K, committed 100160K, reserved 303104K
  class space    used 12904K, committed 13504K, reserved 212992K
}
Event: 225.086 GC heap before
{Heap before GC invocations=31 (full 0):
 garbage-first heap   total 348160K, used 287272K [0x00000000e0000000, 0x0000000100000000)
  region size 1024K, 76 young (77824K), 2 survivors (2048K)
 Metaspace       used 99165K, committed 100416K, reserved 303104K
  class space    used 12912K, committed 13504K, reserved 212992K
}
Event: 225.131 GC heap after
{Heap after GC invocations=32 (full 0):
 garbage-first heap   total 348160K, used 230400K [0x00000000e0000000, 0x0000000100000000)
  region size 1024K, 10 young (10240K), 10 survivors (10240K)
 Metaspace       used 99165K, committed 100416K, reserved 303104K
  class space    used 12912K, committed 13504K, reserved 212992K
}
Event: 230.698 GC heap before
{Heap before GC invocations=32 (full 0):
 garbage-first heap   total 348160K, used 286719K [0x00000000e0000000, 0x0000000100000000)
  region size 1024K, 66 young (67584K), 10 survivors (10240K)
 Metaspace       used 99346K, committed 100672K, reserved 303104K
  class space    used 12914K, committed 13504K, reserved 212992K
}
Event: 230.738 GC heap after
{Heap after GC invocations=33 (full 0):
 garbage-first heap   total 348160K, used 236875K [0x00000000e0000000, 0x0000000100000000)
  region size 1024K, 6 young (6144K), 6 survivors (6144K)
 Metaspace       used 99346K, committed 100672K, reserved 303104K
  class space    used 12914K, committed 13504K, reserved 212992K
}
Event: 233.784 GC heap before
{Heap before GC invocations=33 (full 0):
 garbage-first heap   total 348160K, used 290123K [0x00000000e0000000, 0x0000000100000000)
  region size 1024K, 59 young (60416K), 6 survivors (6144K)
 Metaspace       used 99471K, committed 100800K, reserved 303104K
  class space    used 12915K, committed 13504K, reserved 212992K
}
Event: 233.860 GC heap after
{Heap after GC invocations=34 (full 0):
 garbage-first heap   total 348160K, used 242981K [0x00000000e0000000, 0x0000000100000000)
  region size 1024K, 7 young (7168K), 7 survivors (7168K)
 Metaspace       used 99471K, committed 100800K, reserved 303104K
  class space    used 12915K, committed 13504K, reserved 212992K
}

